{"/home/nikhilk/blinkist-app/src/components/atoms/Typography/TypographyComponent.tsx": {"path":"/home/nikhilk/blinkist-app/src/components/atoms/Typography/TypographyComponent.tsx","statementMap":{"0":{"start":{"line":12,"column":55},"end":{"line":18,"column":1}},"1":{"start":{"line":12,"column":104},"end":{"line":12,"column":113}},"2":{"start":{"line":13,"column":2},"end":{"line":17,"column":4}},"3":{"start":{"line":14,"column":29},"end":{"line":14,"column":38}}},"fnMap":{"0":{"name":"(anonymous_0)","decl":{"start":{"line":12,"column":55},"end":{"line":12,"column":56}},"loc":{"start":{"line":12,"column":120},"end":{"line":18,"column":1}},"line":12},"1":{"name":"(anonymous_1)","decl":{"start":{"line":12,"column":98},"end":{"line":12,"column":99}},"loc":{"start":{"line":12,"column":103},"end":{"line":12,"column":114}},"line":12},"2":{"name":"(anonymous_2)","decl":{"start":{"line":14,"column":25},"end":{"line":14,"column":26}},"loc":{"start":{"line":14,"column":29},"end":{"line":14,"column":38}},"line":14}},"branchMap":{"0":{"loc":{"start":{"line":12,"column":90},"end":{"line":12,"column":114}},"type":"default-arg","locations":[{"start":{"line":12,"column":98},"end":{"line":12,"column":114}}],"line":12}},"s":{"0":16,"1":0,"2":361,"3":1},"f":{"0":361,"1":0,"2":1},"b":{"0":[360]},"_coverageSchema":"1a1c01bbd47fc00a2c39e90264f33305004495a9","hash":"52ff790d0777b1309e36d038f0b23559339aca40"}
,"/home/nikhilk/blinkist-app/src/components/molecules/Banner/Banner.tsx": {"path":"/home/nikhilk/blinkist-app/src/components/molecules/Banner/Banner.tsx","statementMap":{"0":{"start":{"line":7,"column":14},"end":{"line":42,"column":1}},"1":{"start":{"line":8,"column":2},"end":{"line":41,"column":4}}},"fnMap":{"0":{"name":"(anonymous_0)","decl":{"start":{"line":7,"column":14},"end":{"line":7,"column":15}},"loc":{"start":{"line":7,"column":20},"end":{"line":42,"column":1}},"line":7}},"branchMap":{},"s":{"0":3,"1":7},"f":{"0":7},"b":{},"_coverageSchema":"1a1c01bbd47fc00a2c39e90264f33305004495a9","hash":"b99d7f65b226bb47d5414fc39db51a36f572abe7"}
,"/home/nikhilk/blinkist-app/src/components/molecules/ExploreModal/exploremodal.tsx": {"path":"/home/nikhilk/blinkist-app/src/components/molecules/ExploreModal/exploremodal.tsx","statementMap":{"0":{"start":{"line":9,"column":21},"end":{"line":81,"column":1}},"1":{"start":{"line":10,"column":2},"end":{"line":80,"column":4}},"2":{"start":{"line":19,"column":14},"end":{"line":28,"column":20}},"3":{"start":{"line":34,"column":14},"end":{"line":74,"column":21}}},"fnMap":{"0":{"name":"(anonymous_0)","decl":{"start":{"line":9,"column":21},"end":{"line":9,"column":22}},"loc":{"start":{"line":9,"column":27},"end":{"line":81,"column":1}},"line":9},"1":{"name":"(anonymous_1)","decl":{"start":{"line":18,"column":43},"end":{"line":18,"column":44}},"loc":{"start":{"line":19,"column":14},"end":{"line":28,"column":20}},"line":19},"2":{"name":"(anonymous_2)","decl":{"start":{"line":33,"column":40},"end":{"line":33,"column":41}},"loc":{"start":{"line":34,"column":14},"end":{"line":74,"column":21}},"line":34}},"branchMap":{"0":{"loc":{"start":{"line":23,"column":20},"end":{"line":23,"column":79}},"type":"cond-expr","locations":[{"start":{"line":23,"column":34},"end":{"line":23,"column":49}},{"start":{"line":23,"column":52},"end":{"line":23,"column":79}}],"line":23}},"s":{"0":5,"1":2,"2":6,"3":36},"f":{"0":2,"1":6,"2":36},"b":{"0":[2,4]},"_coverageSchema":"1a1c01bbd47fc00a2c39e90264f33305004495a9","hash":"52d7545da4ddc3db7b4803cf79d33bced237b8df"}
,"/home/nikhilk/blinkist-app/src/components/molecules/FilledButton/filledbutton.tsx": {"path":"/home/nikhilk/blinkist-app/src/components/molecules/FilledButton/filledbutton.tsx","statementMap":{"0":{"start":{"line":45,"column":44},"end":{"line":95,"column":1}},"1":{"start":{"line":61,"column":23},"end":{"line":75,"column":3}},"2":{"start":{"line":77,"column":17},"end":{"line":81,"column":3}},"3":{"start":{"line":83,"column":2},"end":{"line":94,"column":4}}},"fnMap":{"0":{"name":"(anonymous_0)","decl":{"start":{"line":45,"column":44},"end":{"line":45,"column":45}},"loc":{"start":{"line":60,"column":6},"end":{"line":95,"column":1}},"line":60}},"branchMap":{"0":{"loc":{"start":{"line":46,"column":2},"end":{"line":46,"column":23}},"type":"default-arg","locations":[{"start":{"line":46,"column":12},"end":{"line":46,"column":23}}],"line":46},"1":{"loc":{"start":{"line":57,"column":2},"end":{"line":57,"column":18}},"type":"default-arg","locations":[{"start":{"line":57,"column":16},"end":{"line":57,"column":18}}],"line":57},"2":{"loc":{"start":{"line":58,"column":2},"end":{"line":58,"column":18}},"type":"default-arg","locations":[{"start":{"line":58,"column":13},"end":{"line":58,"column":18}}],"line":58},"3":{"loc":{"start":{"line":88,"column":15},"end":{"line":88,"column":44}},"type":"cond-expr","locations":[{"start":{"line":88,"column":26},"end":{"line":88,"column":32}},{"start":{"line":88,"column":35},"end":{"line":88,"column":44}}],"line":88}},"s":{"0":11,"1":61,"2":61,"3":61},"f":{"0":61},"b":{"0":[25],"1":[50],"2":[14],"3":[11,50]},"_coverageSchema":"1a1c01bbd47fc00a2c39e90264f33305004495a9","hash":"50a82b8b8f8eba79d067c5ccfe0d9e239924c9de"}
,"/home/nikhilk/blinkist-app/src/components/molecules/Footer/footer.tsx": {"path":"/home/nikhilk/blinkist-app/src/components/molecules/Footer/footer.tsx","statementMap":{"0":{"start":{"line":7,"column":15},"end":{"line":60,"column":1}},"1":{"start":{"line":8,"column":2},"end":{"line":59,"column":4}},"2":{"start":{"line":33,"column":14},"end":{"line":46,"column":22}},"3":{"start":{"line":40,"column":18},"end":{"line":44,"column":20}}},"fnMap":{"0":{"name":"(anonymous_0)","decl":{"start":{"line":7,"column":15},"end":{"line":7,"column":16}},"loc":{"start":{"line":7,"column":21},"end":{"line":60,"column":1}},"line":7},"1":{"name":"(anonymous_1)","decl":{"start":{"line":32,"column":42},"end":{"line":32,"column":43}},"loc":{"start":{"line":33,"column":14},"end":{"line":46,"column":22}},"line":33},"2":{"name":"(anonymous_2)","decl":{"start":{"line":39,"column":37},"end":{"line":39,"column":38}},"loc":{"start":{"line":40,"column":18},"end":{"line":44,"column":20}},"line":40}},"branchMap":{},"s":{"0":4,"1":10,"2":30,"3":130},"f":{"0":10,"1":30,"2":130},"b":{},"_coverageSchema":"1a1c01bbd47fc00a2c39e90264f33305004495a9","hash":"9e690ce865fd5e8a2edc64b5438e0130ac4b6ba8"}
,"/home/nikhilk/blinkist-app/src/components/molecules/InputField/inputfield.tsx": {"path":"/home/nikhilk/blinkist-app/src/components/molecules/InputField/inputfield.tsx","statementMap":{"0":{"start":{"line":11,"column":41},"end":{"line":30,"column":1}},"1":{"start":{"line":12,"column":2},"end":{"line":29,"column":4}}},"fnMap":{"0":{"name":"(anonymous_0)","decl":{"start":{"line":11,"column":41},"end":{"line":11,"column":42}},"loc":{"start":{"line":11,"column":65},"end":{"line":30,"column":1}},"line":11}},"branchMap":{},"s":{"0":3,"1":6},"f":{"0":6},"b":{},"_coverageSchema":"1a1c01bbd47fc00a2c39e90264f33305004495a9","hash":"738e1339edf46a775508eb30a5f41eb977f00480"}
,"/home/nikhilk/blinkist-app/src/components/molecules/NavButton/navbutton.tsx": {"path":"/home/nikhilk/blinkist-app/src/components/molecules/NavButton/navbutton.tsx","statementMap":{"0":{"start":{"line":25,"column":41},"end":{"line":82,"column":1}},"1":{"start":{"line":42,"column":26},"end":{"line":53,"column":3}},"2":{"start":{"line":55,"column":33},"end":{"line":61,"column":3}},"3":{"start":{"line":63,"column":31},"end":{"line":67,"column":3}},"4":{"start":{"line":69,"column":2},"end":{"line":81,"column":4}}},"fnMap":{"0":{"name":"(anonymous_0)","decl":{"start":{"line":25,"column":41},"end":{"line":25,"column":42}},"loc":{"start":{"line":41,"column":6},"end":{"line":82,"column":1}},"line":41}},"branchMap":{"0":{"loc":{"start":{"line":27,"column":2},"end":{"line":27,"column":18}},"type":"default-arg","locations":[{"start":{"line":27,"column":12},"end":{"line":27,"column":18}}],"line":27},"1":{"loc":{"start":{"line":39,"column":2},"end":{"line":39,"column":22}},"type":"default-arg","locations":[{"start":{"line":39,"column":17},"end":{"line":39,"column":22}}],"line":39},"2":{"loc":{"start":{"line":40,"column":2},"end":{"line":40,"column":20}},"type":"default-arg","locations":[{"start":{"line":40,"column":16},"end":{"line":40,"column":20}}],"line":40},"3":{"loc":{"start":{"line":74,"column":12},"end":{"line":74,"column":61}},"type":"cond-expr","locations":[{"start":{"line":74,"column":26},"end":{"line":74,"column":43}},{"start":{"line":74,"column":46},"end":{"line":74,"column":61}}],"line":74}},"s":{"0":6,"1":37,"2":37,"3":37,"4":37},"f":{"0":37},"b":{"0":[37],"1":[37],"2":[37],"3":[37,0]},"_coverageSchema":"1a1c01bbd47fc00a2c39e90264f33305004495a9","hash":"d0bd7ce92a9f3d42257219d39ca03b80f9e05594"}
,"/home/nikhilk/blinkist-app/src/components/organisms/BookCard/bookcard.tsx": {"path":"/home/nikhilk/blinkist-app/src/components/organisms/BookCard/bookcard.tsx","statementMap":{"0":{"start":{"line":29,"column":26},"end":{"line":35,"column":2}},"1":{"start":{"line":37,"column":25},"end":{"line":41,"column":2}},"2":{"start":{"line":43,"column":16},"end":{"line":46,"column":2}},"3":{"start":{"line":53,"column":24},"end":{"line":70,"column":1}},"4":{"start":{"line":54,"column":2},"end":{"line":61,"column":3}},"5":{"start":{"line":55,"column":4},"end":{"line":55,"column":32}},"6":{"start":{"line":56,"column":4},"end":{"line":60,"column":5}},"7":{"start":{"line":63,"column":2},"end":{"line":69,"column":3}},"8":{"start":{"line":73,"column":38},"end":{"line":152,"column":1}},"9":{"start":{"line":74,"column":28},"end":{"line":74,"column":54}},"10":{"start":{"line":77,"column":19},"end":{"line":80,"column":3}},"11":{"start":{"line":78,"column":23},"end":{"line":78,"column":69}},"12":{"start":{"line":79,"column":4},"end":{"line":79,"column":25}},"13":{"start":{"line":82,"column":2},"end":{"line":87,"column":8}},"14":{"start":{"line":83,"column":4},"end":{"line":85,"column":8}},"15":{"start":{"line":84,"column":6},"end":{"line":84,"column":25}},"16":{"start":{"line":86,"column":4},"end":{"line":86,"column":31}},"17":{"start":{"line":89,"column":24},"end":{"line":96,"column":3}},"18":{"start":{"line":90,"column":4},"end":{"line":90,"column":61}},"19":{"start":{"line":91,"column":21},"end":{"line":91,"column":97}},"20":{"start":{"line":92,"column":4},"end":{"line":92,"column":30}},"21":{"start":{"line":93,"column":4},"end":{"line":95,"column":6}},"22":{"start":{"line":94,"column":6},"end":{"line":94,"column":25}},"23":{"start":{"line":99,"column":2},"end":{"line":151,"column":4}},"24":{"start":{"line":102,"column":30},"end":{"line":102,"column":107}},"25":{"start":{"line":103,"column":12},"end":{"line":147,"column":13}},"26":{"start":{"line":139,"column":75},"end":{"line":139,"column":110}}},"fnMap":{"0":{"name":"(anonymous_0)","decl":{"start":{"line":53,"column":24},"end":{"line":53,"column":25}},"loc":{"start":{"line":53,"column":61},"end":{"line":70,"column":1}},"line":53},"1":{"name":"(anonymous_1)","decl":{"start":{"line":73,"column":38},"end":{"line":73,"column":39}},"loc":{"start":{"line":73,"column":59},"end":{"line":152,"column":1}},"line":73},"2":{"name":"(anonymous_2)","decl":{"start":{"line":77,"column":19},"end":{"line":77,"column":20}},"loc":{"start":{"line":77,"column":31},"end":{"line":80,"column":3}},"line":77},"3":{"name":"(anonymous_3)","decl":{"start":{"line":82,"column":12},"end":{"line":82,"column":13}},"loc":{"start":{"line":82,"column":18},"end":{"line":87,"column":3}},"line":82},"4":{"name":"(anonymous_4)","decl":{"start":{"line":83,"column":22},"end":{"line":83,"column":23}},"loc":{"start":{"line":83,"column":34},"end":{"line":85,"column":7}},"line":83},"5":{"name":"(anonymous_5)","decl":{"start":{"line":89,"column":24},"end":{"line":89,"column":25}},"loc":{"start":{"line":89,"column":70},"end":{"line":96,"column":3}},"line":89},"6":{"name":"(anonymous_6)","decl":{"start":{"line":93,"column":22},"end":{"line":93,"column":23}},"loc":{"start":{"line":93,"column":34},"end":{"line":95,"column":5}},"line":93},"7":{"name":"(anonymous_7)","decl":{"start":{"line":102,"column":22},"end":{"line":102,"column":23}},"loc":{"start":{"line":102,"column":30},"end":{"line":102,"column":107}},"line":102},"8":{"name":"(anonymous_8)","decl":{"start":{"line":102,"column":113},"end":{"line":102,"column":114}},"loc":{"start":{"line":102,"column":121},"end":{"line":148,"column":11}},"line":102},"9":{"name":"(anonymous_9)","decl":{"start":{"line":139,"column":69},"end":{"line":139,"column":70}},"loc":{"start":{"line":139,"column":75},"end":{"line":139,"column":110}},"line":139}},"branchMap":{"0":{"loc":{"start":{"line":54,"column":2},"end":{"line":61,"column":3}},"type":"if","locations":[{"start":{"line":54,"column":2},"end":{"line":61,"column":3}},{"start":{},"end":{}}],"line":54},"1":{"loc":{"start":{"line":66,"column":8},"end":{"line":66,"column":56}},"type":"cond-expr","locations":[{"start":{"line":66,"column":31},"end":{"line":66,"column":41}},{"start":{"line":66,"column":44},"end":{"line":66,"column":56}}],"line":66},"2":{"loc":{"start":{"line":90,"column":15},"end":{"line":90,"column":60}},"type":"cond-expr","locations":[{"start":{"line":90,"column":38},"end":{"line":90,"column":48}},{"start":{"line":90,"column":51},"end":{"line":90,"column":60}}],"line":90},"3":{"loc":{"start":{"line":102,"column":30},"end":{"line":102,"column":107}},"type":"binary-expr","locations":[{"start":{"line":102,"column":31},"end":{"line":102,"column":56}},{"start":{"line":102,"column":60},"end":{"line":102,"column":82}},{"start":{"line":102,"column":88},"end":{"line":102,"column":106}}],"line":102},"4":{"loc":{"start":{"line":129,"column":19},"end":{"line":136,"column":19}},"type":"binary-expr","locations":[{"start":{"line":129,"column":19},"end":{"line":129,"column":29}},{"start":{"line":130,"column":18},"end":{"line":135,"column":28}}],"line":129},"5":{"loc":{"start":{"line":139,"column":18},"end":{"line":143,"column":25}},"type":"cond-expr","locations":[{"start":{"line":139,"column":43},"end":{"line":139,"column":135}},{"start":{"line":141,"column":18},"end":{"line":143,"column":25}}],"line":139}},"s":{"0":6,"1":6,"2":6,"3":6,"4":0,"5":0,"6":0,"7":0,"8":6,"9":19,"10":19,"11":17,"12":2,"13":19,"14":17,"15":2,"16":17,"17":19,"18":0,"19":0,"20":0,"21":0,"22":0,"23":19,"24":4,"25":0,"26":0},"f":{"0":0,"1":19,"2":17,"3":17,"4":2,"5":0,"6":0,"7":4,"8":0,"9":0},"b":{"0":[0,0],"1":[0,0],"2":[0,0],"3":[4,4,4],"4":[0,0],"5":[0,0]},"_coverageSchema":"1a1c01bbd47fc00a2c39e90264f33305004495a9","hash":"3630e84674c879e2fd59af381193627ac6109e2b"}
,"/home/nikhilk/blinkist-app/src/components/organisms/BookDetail/BookDetailView.tsx": {"path":"/home/nikhilk/blinkist-app/src/components/organisms/BookDetail/BookDetailView.tsx","statementMap":{"0":{"start":{"line":23,"column":22},"end":{"line":29,"column":2}},"1":{"start":{"line":31,"column":23},"end":{"line":161,"column":1}},"2":{"start":{"line":32,"column":17},"end":{"line":32,"column":28}},"3":{"start":{"line":33,"column":2},"end":{"line":33,"column":18}},"4":{"start":{"line":34,"column":27},"end":{"line":34,"column":58}},"5":{"start":{"line":35,"column":17},"end":{"line":38,"column":3}},"6":{"start":{"line":36,"column":21},"end":{"line":36,"column":73}},"7":{"start":{"line":37,"column":5},"end":{"line":37,"column":17}},"8":{"start":{"line":39,"column":2},"end":{"line":44,"column":8}},"9":{"start":{"line":40,"column":4},"end":{"line":42,"column":6}},"10":{"start":{"line":41,"column":6},"end":{"line":41,"column":25}},"11":{"start":{"line":43,"column":2},"end":{"line":43,"column":28}},"12":{"start":{"line":46,"column":24},"end":{"line":53,"column":3}},"13":{"start":{"line":47,"column":21},"end":{"line":47,"column":68}},"14":{"start":{"line":48,"column":21},"end":{"line":48,"column":101}},"15":{"start":{"line":49,"column":4},"end":{"line":49,"column":30}},"16":{"start":{"line":50,"column":4},"end":{"line":52,"column":6}},"17":{"start":{"line":51,"column":6},"end":{"line":51,"column":25}},"18":{"start":{"line":55,"column":2},"end":{"line":160,"column":4}},"19":{"start":{"line":112,"column":29},"end":{"line":112,"column":64}},"20":{"start":{"line":132,"column":14},"end":{"line":148,"column":20}}},"fnMap":{"0":{"name":"(anonymous_0)","decl":{"start":{"line":31,"column":23},"end":{"line":31,"column":24}},"loc":{"start":{"line":31,"column":29},"end":{"line":161,"column":1}},"line":31},"1":{"name":"(anonymous_1)","decl":{"start":{"line":35,"column":17},"end":{"line":35,"column":18}},"loc":{"start":{"line":35,"column":29},"end":{"line":38,"column":3}},"line":35},"2":{"name":"(anonymous_2)","decl":{"start":{"line":39,"column":12},"end":{"line":39,"column":13}},"loc":{"start":{"line":39,"column":18},"end":{"line":44,"column":3}},"line":39},"3":{"name":"(anonymous_3)","decl":{"start":{"line":40,"column":20},"end":{"line":40,"column":21}},"loc":{"start":{"line":40,"column":32},"end":{"line":42,"column":5}},"line":40},"4":{"name":"(anonymous_4)","decl":{"start":{"line":46,"column":24},"end":{"line":46,"column":25}},"loc":{"start":{"line":46,"column":76},"end":{"line":53,"column":3}},"line":46},"5":{"name":"(anonymous_5)","decl":{"start":{"line":50,"column":20},"end":{"line":50,"column":21}},"loc":{"start":{"line":50,"column":32},"end":{"line":52,"column":5}},"line":50},"6":{"name":"(anonymous_6)","decl":{"start":{"line":112,"column":23},"end":{"line":112,"column":24}},"loc":{"start":{"line":112,"column":29},"end":{"line":112,"column":64}},"line":112},"7":{"name":"(anonymous_7)","decl":{"start":{"line":131,"column":46},"end":{"line":131,"column":47}},"loc":{"start":{"line":132,"column":14},"end":{"line":148,"column":20}},"line":132}},"branchMap":{"0":{"loc":{"start":{"line":47,"column":21},"end":{"line":47,"column":68}},"type":"cond-expr","locations":[{"start":{"line":47,"column":46},"end":{"line":47,"column":56}},{"start":{"line":47,"column":59},"end":{"line":47,"column":68}}],"line":47}},"s":{"0":2,"1":2,"2":12,"3":11,"4":11,"5":11,"6":6,"7":5,"8":11,"9":6,"10":5,"11":6,"12":11,"13":0,"14":0,"15":0,"16":0,"17":0,"18":11,"19":0,"20":33},"f":{"0":12,"1":6,"2":6,"3":5,"4":0,"5":0,"6":0,"7":33},"b":{"0":[0,0]},"_coverageSchema":"1a1c01bbd47fc00a2c39e90264f33305004495a9","hash":"2c68d71c00437189c12c0ec60f33ebfdfc550304"}
,"/home/nikhilk/blinkist-app/src/components/organisms/Header/header.tsx": {"path":"/home/nikhilk/blinkist-app/src/components/organisms/Header/header.tsx","statementMap":{"0":{"start":{"line":8,"column":15},"end":{"line":83,"column":1}},"1":{"start":{"line":9,"column":42},"end":{"line":9,"column":57}},"2":{"start":{"line":11,"column":24},"end":{"line":11,"column":65}},"3":{"start":{"line":13,"column":22},"end":{"line":13,"column":59}},"4":{"start":{"line":15,"column":24},"end":{"line":17,"column":3}},"5":{"start":{"line":16,"column":4},"end":{"line":16,"column":35}},"6":{"start":{"line":20,"column":4},"end":{"line":23,"column":7}},"7":{"start":{"line":26,"column":2},"end":{"line":82,"column":4}}},"fnMap":{"0":{"name":"(anonymous_0)","decl":{"start":{"line":8,"column":15},"end":{"line":8,"column":16}},"loc":{"start":{"line":8,"column":21},"end":{"line":83,"column":1}},"line":8},"1":{"name":"(anonymous_1)","decl":{"start":{"line":15,"column":24},"end":{"line":15,"column":25}},"loc":{"start":{"line":15,"column":30},"end":{"line":17,"column":3}},"line":15}},"branchMap":{"0":{"loc":{"start":{"line":47,"column":29},"end":{"line":47,"column":71}},"type":"cond-expr","locations":[{"start":{"line":47,"column":44},"end":{"line":47,"column":55}},{"start":{"line":47,"column":58},"end":{"line":47,"column":71}}],"line":47},"1":{"loc":{"start":{"line":75,"column":11},"end":{"line":77,"column":11}},"type":"binary-expr","locations":[{"start":{"line":75,"column":11},"end":{"line":75,"column":23}},{"start":{"line":76,"column":12},"end":{"line":76,"column":157}}],"line":75},"2":{"loc":{"start":{"line":79,"column":9},"end":{"line":79,"column":41}},"type":"binary-expr","locations":[{"start":{"line":79,"column":9},"end":{"line":79,"column":21}},{"start":{"line":79,"column":25},"end":{"line":79,"column":41}}],"line":79}},"s":{"0":4,"1":6,"2":6,"3":6,"4":6,"5":0,"6":6,"7":6},"f":{"0":6,"1":0},"b":{"0":[0,6],"1":[6,0],"2":[6,0]},"_coverageSchema":"1a1c01bbd47fc00a2c39e90264f33305004495a9","hash":"03e5b0e005a5dee2cc795d61ae5ba42c06697700"}
,"/home/nikhilk/blinkist-app/src/components/organisms/Library/library.tsx": {"path":"/home/nikhilk/blinkist-app/src/components/organisms/Library/library.tsx","statementMap":{"0":{"start":{"line":7,"column":22},"end":{"line":11,"column":2}},"1":{"start":{"line":20,"column":47},"end":{"line":20,"column":52}},"2":{"start":{"line":22,"column":2},"end":{"line":37,"column":4}},"3":{"start":{"line":41,"column":2},"end":{"line":44,"column":4}},"4":{"start":{"line":49,"column":16},"end":{"line":99,"column":1}},"5":{"start":{"line":50,"column":28},"end":{"line":50,"column":47}},"6":{"start":{"line":51,"column":23},"end":{"line":53,"column":3}},"7":{"start":{"line":52,"column":4},"end":{"line":52,"column":23}},"8":{"start":{"line":55,"column":2},"end":{"line":98,"column":4}}},"fnMap":{"0":{"name":"TabPanel","decl":{"start":{"line":19,"column":9},"end":{"line":19,"column":17}},"loc":{"start":{"line":19,"column":40},"end":{"line":38,"column":1}},"line":19},"1":{"name":"allyProps","decl":{"start":{"line":40,"column":9},"end":{"line":40,"column":18}},"loc":{"start":{"line":40,"column":34},"end":{"line":45,"column":1}},"line":40},"2":{"name":"(anonymous_2)","decl":{"start":{"line":49,"column":16},"end":{"line":49,"column":17}},"loc":{"start":{"line":49,"column":22},"end":{"line":99,"column":1}},"line":49},"3":{"name":"(anonymous_3)","decl":{"start":{"line":51,"column":23},"end":{"line":51,"column":24}},"loc":{"start":{"line":51,"column":74},"end":{"line":53,"column":3}},"line":51}},"branchMap":{"0":{"loc":{"start":{"line":31,"column":7},"end":{"line":35,"column":7}},"type":"binary-expr","locations":[{"start":{"line":31,"column":7},"end":{"line":31,"column":22}},{"start":{"line":32,"column":8},"end":{"line":34,"column":14}}],"line":31}},"s":{"0":3,"1":6,"2":6,"3":6,"4":3,"5":3,"6":3,"7":0,"8":3},"f":{"0":6,"1":6,"2":3,"3":0},"b":{"0":[6,3]},"_coverageSchema":"1a1c01bbd47fc00a2c39e90264f33305004495a9","hash":"34274af96860540e1d5df8b1f98732e12fd47de5"}
,"/home/nikhilk/blinkist-app/src/components/organisms/SelectedPage/SelectedPage.tsx": {"path":"/home/nikhilk/blinkist-app/src/components/organisms/SelectedPage/SelectedPage.tsx","statementMap":{"0":{"start":{"line":8,"column":20},"end":{"line":39,"column":1}},"1":{"start":{"line":11,"column":2},"end":{"line":38,"column":3}}},"fnMap":{"0":{"name":"(anonymous_0)","decl":{"start":{"line":8,"column":20},"end":{"line":8,"column":21}},"loc":{"start":{"line":8,"column":26},"end":{"line":39,"column":1}},"line":8}},"branchMap":{},"s":{"0":2,"1":4},"f":{"0":4},"b":{},"_coverageSchema":"1a1c01bbd47fc00a2c39e90264f33305004495a9","hash":"e5461b7a5058fb195874f838d4b9f66a808aa6a2"}
,"/home/nikhilk/blinkist-app/src/pages/BookDetailViewPage/bookdetailviewpage.tsx": {"path":"/home/nikhilk/blinkist-app/src/pages/BookDetailViewPage/bookdetailviewpage.tsx","statementMap":{"0":{"start":{"line":9,"column":27},"end":{"line":17,"column":1}},"1":{"start":{"line":10,"column":2},"end":{"line":16,"column":4}}},"fnMap":{"0":{"name":"(anonymous_0)","decl":{"start":{"line":9,"column":27},"end":{"line":9,"column":28}},"loc":{"start":{"line":9,"column":45},"end":{"line":17,"column":1}},"line":9}},"branchMap":{},"s":{"0":1,"1":2},"f":{"0":2},"b":{},"_coverageSchema":"1a1c01bbd47fc00a2c39e90264f33305004495a9","hash":"5a259189fe6e86cd61dd705960c4a6fb7c680b92"}
,"/home/nikhilk/blinkist-app/src/pages/EnterpreneurshipPage/EnterpreneurshipPage.tsx": {"path":"/home/nikhilk/blinkist-app/src/pages/EnterpreneurshipPage/EnterpreneurshipPage.tsx","statementMap":{"0":{"start":{"line":9,"column":29},"end":{"line":17,"column":1}},"1":{"start":{"line":10,"column":2},"end":{"line":16,"column":4}}},"fnMap":{"0":{"name":"(anonymous_0)","decl":{"start":{"line":9,"column":29},"end":{"line":9,"column":30}},"loc":{"start":{"line":9,"column":47},"end":{"line":17,"column":1}},"line":9}},"branchMap":{},"s":{"0":1,"1":2},"f":{"0":2},"b":{},"_coverageSchema":"1a1c01bbd47fc00a2c39e90264f33305004495a9","hash":"f4bef202f295bb62269854900395e11922d527c1"}
,"/home/nikhilk/blinkist-app/src/pages/LibraryPage/librarypage.tsx": {"path":"/home/nikhilk/blinkist-app/src/pages/LibraryPage/librarypage.tsx","statementMap":{"0":{"start":{"line":6,"column":20},"end":{"line":14,"column":1}},"1":{"start":{"line":7,"column":2},"end":{"line":13,"column":4}}},"fnMap":{"0":{"name":"(anonymous_0)","decl":{"start":{"line":6,"column":20},"end":{"line":6,"column":21}},"loc":{"start":{"line":6,"column":26},"end":{"line":14,"column":1}},"line":6}},"branchMap":{},"s":{"0":1,"1":2},"f":{"0":2},"b":{},"_coverageSchema":"1a1c01bbd47fc00a2c39e90264f33305004495a9","hash":"77f9557a96e3cef5c1699464aefda36d35142024"}
}
