TN:
SF:src/components/atoms/Typography/TypographyComponent.tsx
FN:12,(anonymous_0)
FN:12,(anonymous_1)
FN:14,(anonymous_2)
FNF:3
FNH:2
FNDA:361,(anonymous_0)
FNDA:0,(anonymous_1)
FNDA:1,(anonymous_2)
DA:12,16
DA:13,361
DA:14,1
LF:3
LH:3
BRDA:12,0,0,360
BRF:1
BRH:1
end_of_record
TN:
SF:src/components/molecules/Banner/Banner.tsx
FN:7,(anonymous_0)
FNF:1
FNH:1
FNDA:7,(anonymous_0)
DA:7,3
DA:8,7
LF:2
LH:2
BRF:0
BRH:0
end_of_record
TN:
SF:src/components/molecules/ExploreModal/exploremodal.tsx
FN:9,(anonymous_0)
FN:18,(anonymous_1)
FN:33,(anonymous_2)
FNF:3
FNH:3
FNDA:2,(anonymous_0)
FNDA:6,(anonymous_1)
FNDA:36,(anonymous_2)
DA:9,5
DA:10,2
DA:19,6
DA:34,36
LF:4
LH:4
BRDA:23,0,0,2
BRDA:23,0,1,4
BRF:2
BRH:2
end_of_record
TN:
SF:src/components/molecules/FilledButton/filledbutton.tsx
FN:45,(anonymous_0)
FNF:1
FNH:1
FNDA:61,(anonymous_0)
DA:45,11
DA:61,61
DA:77,61
DA:83,61
LF:4
LH:4
BRDA:46,0,0,25
BRDA:57,1,0,50
BRDA:58,2,0,14
BRDA:88,3,0,11
BRDA:88,3,1,50
BRF:5
BRH:5
end_of_record
TN:
SF:src/components/molecules/Footer/footer.tsx
FN:7,(anonymous_0)
FN:32,(anonymous_1)
FN:39,(anonymous_2)
FNF:3
FNH:3
FNDA:10,(anonymous_0)
FNDA:30,(anonymous_1)
FNDA:130,(anonymous_2)
DA:7,4
DA:8,10
DA:33,30
DA:40,130
LF:4
LH:4
BRF:0
BRH:0
end_of_record
TN:
SF:src/components/molecules/InputField/inputfield.tsx
FN:11,(anonymous_0)
FNF:1
FNH:1
FNDA:6,(anonymous_0)
DA:11,3
DA:12,6
LF:2
LH:2
BRF:0
BRH:0
end_of_record
TN:
SF:src/components/molecules/NavButton/navbutton.tsx
FN:25,(anonymous_0)
FNF:1
FNH:1
FNDA:37,(anonymous_0)
DA:25,6
DA:42,37
DA:55,37
DA:63,37
DA:69,37
LF:5
LH:5
BRDA:27,0,0,37
BRDA:39,1,0,37
BRDA:40,2,0,37
BRDA:74,3,0,37
BRDA:74,3,1,0
BRF:5
BRH:4
end_of_record
TN:
SF:src/components/organisms/BookCard/bookcard.tsx
FN:53,(anonymous_0)
FN:73,(anonymous_1)
FN:77,(anonymous_2)
FN:82,(anonymous_3)
FN:83,(anonymous_4)
FN:89,(anonymous_5)
FN:93,(anonymous_6)
FN:102,(anonymous_7)
FN:102,(anonymous_8)
FN:139,(anonymous_9)
FNF:10
FNH:5
FNDA:0,(anonymous_0)
FNDA:19,(anonymous_1)
FNDA:17,(anonymous_2)
FNDA:17,(anonymous_3)
FNDA:2,(anonymous_4)
FNDA:0,(anonymous_5)
FNDA:0,(anonymous_6)
FNDA:4,(anonymous_7)
FNDA:0,(anonymous_8)
FNDA:0,(anonymous_9)
DA:29,6
DA:37,6
DA:43,6
DA:53,6
DA:54,0
DA:55,0
DA:56,0
DA:63,0
DA:73,6
DA:74,19
DA:77,19
DA:78,17
DA:79,2
DA:82,19
DA:83,17
DA:84,2
DA:86,17
DA:89,19
DA:90,0
DA:91,0
DA:92,0
DA:93,0
DA:94,0
DA:99,19
DA:102,4
DA:103,0
DA:139,0
LF:27
LH:16
BRDA:54,0,0,0
BRDA:54,0,1,0
BRDA:66,1,0,0
BRDA:66,1,1,0
BRDA:90,2,0,0
BRDA:90,2,1,0
BRDA:102,3,0,4
BRDA:102,3,1,4
BRDA:102,3,2,4
BRDA:129,4,0,0
BRDA:129,4,1,0
BRDA:139,5,0,0
BRDA:139,5,1,0
BRF:13
BRH:3
end_of_record
TN:
SF:src/components/organisms/BookDetail/BookDetailView.tsx
FN:31,(anonymous_0)
FN:35,(anonymous_1)
FN:39,(anonymous_2)
FN:40,(anonymous_3)
FN:46,(anonymous_4)
FN:50,(anonymous_5)
FN:112,(anonymous_6)
FN:131,(anonymous_7)
FNF:8
FNH:5
FNDA:12,(anonymous_0)
FNDA:6,(anonymous_1)
FNDA:6,(anonymous_2)
FNDA:5,(anonymous_3)
FNDA:0,(anonymous_4)
FNDA:0,(anonymous_5)
FNDA:0,(anonymous_6)
FNDA:33,(anonymous_7)
DA:23,2
DA:31,2
DA:32,12
DA:33,11
DA:34,11
DA:35,11
DA:36,6
DA:37,5
DA:39,11
DA:40,6
DA:41,5
DA:43,6
DA:46,11
DA:47,0
DA:48,0
DA:49,0
DA:50,0
DA:51,0
DA:55,11
DA:112,0
DA:132,33
LF:21
LH:15
BRDA:47,0,0,0
BRDA:47,0,1,0
BRF:2
BRH:0
end_of_record
TN:
SF:src/components/organisms/Header/header.tsx
FN:8,(anonymous_0)
FN:15,(anonymous_1)
FNF:2
FNH:1
FNDA:6,(anonymous_0)
FNDA:0,(anonymous_1)
DA:8,4
DA:9,6
DA:11,6
DA:13,6
DA:15,6
DA:16,0
DA:20,6
DA:26,6
LF:8
LH:7
BRDA:47,0,0,0
BRDA:47,0,1,6
BRDA:75,1,0,6
BRDA:75,1,1,0
BRDA:79,2,0,6
BRDA:79,2,1,0
BRF:6
BRH:3
end_of_record
TN:
SF:src/components/organisms/Library/library.tsx
FN:19,TabPanel
FN:40,allyProps
FN:49,(anonymous_2)
FN:51,(anonymous_3)
FNF:4
FNH:3
FNDA:6,TabPanel
FNDA:6,allyProps
FNDA:3,(anonymous_2)
FNDA:0,(anonymous_3)
DA:7,3
DA:20,6
DA:22,6
DA:41,6
DA:49,3
DA:50,3
DA:51,3
DA:52,0
DA:55,3
LF:9
LH:8
BRDA:31,0,0,6
BRDA:31,0,1,3
BRF:2
BRH:2
end_of_record
TN:
SF:src/components/organisms/SelectedPage/SelectedPage.tsx
FN:8,(anonymous_0)
FNF:1
FNH:1
FNDA:4,(anonymous_0)
DA:8,2
DA:11,4
LF:2
LH:2
BRF:0
BRH:0
end_of_record
TN:
SF:src/pages/BookDetailViewPage/bookdetailviewpage.tsx
FN:9,(anonymous_0)
FNF:1
FNH:1
FNDA:2,(anonymous_0)
DA:9,1
DA:10,2
LF:2
LH:2
BRF:0
BRH:0
end_of_record
TN:
SF:src/pages/EnterpreneurshipPage/EnterpreneurshipPage.tsx
FN:9,(anonymous_0)
FNF:1
FNH:1
FNDA:2,(anonymous_0)
DA:9,1
DA:10,2
LF:2
LH:2
BRF:0
BRH:0
end_of_record
TN:
SF:src/pages/LibraryPage/librarypage.tsx
FN:6,(anonymous_0)
FNF:1
FNH:1
FNDA:2,(anonymous_0)
DA:6,1
DA:7,2
LF:2
LH:2
BRF:0
BRH:0
end_of_record
